<?xml version="1.0" encoding="UTF-8"?>
<!-- Generated by org.testng.reporters.JUnitReportReporter -->
<testsuite skipped="0" hostname="GGKU5DELL1111" name="testScripts.SanityTestcases" tests="1" failures="0" timestamp="24 Oct 2018 14:36:52 GMT" time="5.874" errors="0">
  <testcase name="test_001" time="5.874" classname="testScripts.SanityTestcases"/>
</testsuite> <!-- testScripts.SanityTestcases -->
